<?xml version="1.0" encoding="UTF-8"?>
<!-- Generated by org.testng.reporters.JUnitReportReporter -->
<testsuite hostname="7568mdsalman" failures="0" tests="2" name="TestScript.Test_01" time="0.015" errors="0" timestamp="2024-10-01T18:24:00 IST" skipped="0">
  <testcase classname="TestScript.Test_01" name="addNewFeature" time="0.012"/>
  <system-out/>
  <testcase classname="TestScript.Test_01" name="createTest" time="0.003"/>
  <system-out/>
</testsuite> <!-- TestScript.Test_01 -->
